2023-03-09 19:25:37,320 [Worker-4: Loading available Gradle versions] INFO  o.e.b.c.i.u.g.PublishedGradleVersions - Gradle version information cache is up-to-date. Trying to read.
2023-03-09 19:26:05,520 [Worker-7: Importing Maven projects] INFO  o.e.m.c.i.l.LifecycleMappingFactory - Using org.eclipse.m2e.jdt.JarLifecycleMapping lifecycle mapping for MavenProject: com.springrest:springrest:0.0.1-SNAPSHOT @ C:\Users\Prashant Saini\Downloads\springrest\springrest\pom.xml.
2023-03-09 19:26:06,293 [Worker-7: Importing Maven projects] INFO  o.e.m.j.i.AbstractJavaProjectConfigurator - Adding source folder /springrest/src/main/java
2023-03-09 19:26:06,293 [Worker-7: Importing Maven projects] INFO  o.e.m.j.i.AbstractJavaProjectConfigurator - Adding resource folder /springrest/src/main/resources
2023-03-09 19:26:06,296 [Worker-7: Importing Maven projects] INFO  o.e.m.j.i.AbstractJavaProjectConfigurator - Adding resource folder /springrest/src/main/resources
2023-03-09 19:26:06,300 [Worker-7: Importing Maven projects] INFO  o.e.m.j.i.AbstractJavaProjectConfigurator - Adding source folder /springrest/src/test/java
2023-03-09 19:26:07,407 [Worker-7: Importing Maven projects] INFO  o.e.m.c.i.p.ProjectConfigurationManager - Imported and configured 1 project(s) in 2 sec
2023-03-09 19:33:28,853 [Worker-14: Building] INFO  o.e.m.c.i.l.LifecycleMappingFactory - Using org.eclipse.m2e.jdt.JarLifecycleMapping lifecycle mapping for MavenProject: com.springrest:springrest:0.0.1-SNAPSHOT @ C:\Users\Prashant Saini\Downloads\springrest\springrest\pom.xml.
2023-03-09 19:33:29,163 [Worker-14: Building] INFO  o.a.m.s.f.DefaultMavenResourcesFiltering - Copying 1 resource
2023-03-09 19:33:29,177 [Worker-14: Building] INFO  o.a.m.s.f.DefaultMavenResourcesFiltering - Copying 0 resource
2023-03-09 19:33:29,181 [Worker-14: Building] INFO  o.a.m.s.f.DefaultMavenResourcesFiltering - skip non existing resourceDirectory C:\Users\Prashant Saini\Downloads\springrest\springrest\src\test\resources
2023-03-09 19:33:30,336 [Worker-14: Building] INFO  o.a.m.s.f.DefaultMavenResourcesFiltering - Copying 1 resource
2023-03-09 19:33:30,338 [Worker-14: Building] INFO  o.a.m.s.f.DefaultMavenResourcesFiltering - Copying 0 resource
2023-03-09 19:33:30,341 [Worker-14: Building] INFO  o.a.m.s.f.DefaultMavenResourcesFiltering - skip non existing resourceDirectory C:\Users\Prashant Saini\Downloads\springrest\springrest\src\test\resources
2023-03-09 19:34:31,604 [Worker-18: Building] INFO  o.a.m.s.f.DefaultMavenResourcesFiltering - Copying 1 resource
2023-03-09 19:34:31,630 [Worker-18: Building] INFO  o.a.m.s.f.DefaultMavenResourcesFiltering - Copying 0 resource
2023-03-09 19:34:31,635 [Worker-18: Building] INFO  o.a.m.s.f.DefaultMavenResourcesFiltering - skip non existing resourceDirectory C:\Users\Prashant Saini\Downloads\springrest\springrest\src\test\resources
2023-03-09 19:35:26,576 [Worker-15: Building] INFO  o.a.m.s.f.DefaultMavenResourcesFiltering - Copying 1 resource
2023-03-09 19:35:26,582 [Worker-15: Building] INFO  o.a.m.s.f.DefaultMavenResourcesFiltering - Copying 0 resource
2023-03-09 19:35:26,586 [Worker-15: Building] INFO  o.a.m.s.f.DefaultMavenResourcesFiltering - skip non existing resourceDirectory C:\Users\Prashant Saini\Downloads\springrest\springrest\src\test\resources
2023-03-09 19:35:50,674 [Worker-17: Building] INFO  o.a.m.s.f.DefaultMavenResourcesFiltering - Copying 1 resource
2023-03-09 19:35:50,680 [Worker-17: Building] INFO  o.a.m.s.f.DefaultMavenResourcesFiltering - Copying 0 resource
2023-03-09 19:35:50,683 [Worker-17: Building] INFO  o.a.m.s.f.DefaultMavenResourcesFiltering - skip non existing resourceDirectory C:\Users\Prashant Saini\Downloads\springrest\springrest\src\test\resources
2023-03-09 19:40:01,780 [Worker-20: Building] INFO  o.a.m.s.f.DefaultMavenResourcesFiltering - Copying 1 resource
2023-03-09 19:40:01,791 [Worker-20: Building] INFO  o.a.m.s.f.DefaultMavenResourcesFiltering - Copying 0 resource
2023-03-09 19:40:01,794 [Worker-20: Building] INFO  o.a.m.s.f.DefaultMavenResourcesFiltering - skip non existing resourceDirectory C:\Users\Prashant Saini\Downloads\springrest\springrest\src\test\resources
2023-03-09 19:40:19,959 [Worker-20: Building] INFO  o.a.m.s.f.DefaultMavenResourcesFiltering - Copying 1 resource
2023-03-09 19:40:19,965 [Worker-20: Building] INFO  o.a.m.s.f.DefaultMavenResourcesFiltering - Copying 0 resource
2023-03-09 19:40:19,967 [Worker-20: Building] INFO  o.a.m.s.f.DefaultMavenResourcesFiltering - skip non existing resourceDirectory C:\Users\Prashant Saini\Downloads\springrest\springrest\src\test\resources
2023-03-09 19:41:25,832 [Worker-15: Building] INFO  o.a.m.s.f.DefaultMavenResourcesFiltering - Copying 1 resource
2023-03-09 19:41:25,837 [Worker-15: Building] INFO  o.a.m.s.f.DefaultMavenResourcesFiltering - Copying 0 resource
2023-03-09 19:41:25,841 [Worker-15: Building] INFO  o.a.m.s.f.DefaultMavenResourcesFiltering - skip non existing resourceDirectory C:\Users\Prashant Saini\Downloads\springrest\springrest\src\test\resources
2023-03-09 19:42:02,680 [Worker-20: Building] INFO  o.a.m.s.f.DefaultMavenResourcesFiltering - Copying 1 resource
2023-03-09 19:42:02,687 [Worker-20: Building] INFO  o.a.m.s.f.DefaultMavenResourcesFiltering - Copying 0 resource
2023-03-09 19:42:02,690 [Worker-20: Building] INFO  o.a.m.s.f.DefaultMavenResourcesFiltering - skip non existing resourceDirectory C:\Users\Prashant Saini\Downloads\springrest\springrest\src\test\resources
2023-03-09 19:48:21,393 [Worker-24: Launching springrest - SpringrestApplication] INFO  o.a.m.s.f.DefaultMavenResourcesFiltering - Copying 1 resource
2023-03-09 19:48:21,398 [Worker-24: Launching springrest - SpringrestApplication] INFO  o.a.m.s.f.DefaultMavenResourcesFiltering - Copying 0 resource
2023-03-09 19:48:21,404 [Worker-24: Launching springrest - SpringrestApplication] INFO  o.a.m.s.f.DefaultMavenResourcesFiltering - skip non existing resourceDirectory C:\Users\Prashant Saini\Downloads\springrest\springrest\src\test\resources
2023-03-09 20:35:03,681 [Worker-30: Building] INFO  o.e.m.c.i.l.LifecycleMappingFactory - Using org.eclipse.m2e.jdt.JarLifecycleMapping lifecycle mapping for MavenProject: com.springrest:springrest:0.0.1-SNAPSHOT @ C:\Users\Prashant Saini\Downloads\springrest\springrest\pom.xml.
2023-03-09 20:35:04,207 [Worker-30: Building] INFO  o.a.m.s.f.DefaultMavenResourcesFiltering - Copying 1 resource
2023-03-09 20:35:04,222 [Worker-30: Building] INFO  o.a.m.s.f.DefaultMavenResourcesFiltering - Copying 0 resource
2023-03-09 20:35:04,226 [Worker-30: Building] INFO  o.a.m.s.f.DefaultMavenResourcesFiltering - skip non existing resourceDirectory C:\Users\Prashant Saini\Downloads\springrest\springrest\src\test\resources
2023-03-09 20:35:05,603 [Worker-30: Building] INFO  o.a.m.s.f.DefaultMavenResourcesFiltering - Copying 1 resource
2023-03-09 20:35:05,611 [Worker-30: Building] INFO  o.a.m.s.f.DefaultMavenResourcesFiltering - Copying 0 resource
2023-03-09 20:35:05,614 [Worker-30: Building] INFO  o.a.m.s.f.DefaultMavenResourcesFiltering - skip non existing resourceDirectory C:\Users\Prashant Saini\Downloads\springrest\springrest\src\test\resources
2023-03-09 20:37:08,744 [Worker-22: Building] INFO  o.a.m.s.f.DefaultMavenResourcesFiltering - Copying 1 resource
2023-03-09 20:37:08,748 [Worker-22: Building] INFO  o.a.m.s.f.DefaultMavenResourcesFiltering - Copying 0 resource
2023-03-09 20:37:08,749 [Worker-22: Building] INFO  o.a.m.s.f.DefaultMavenResourcesFiltering - skip non existing resourceDirectory C:\Users\Prashant Saini\Downloads\springrest\springrest\src\test\resources
2023-03-09 20:37:28,415 [Worker-26: Building] INFO  o.a.m.s.f.DefaultMavenResourcesFiltering - Copying 1 resource
2023-03-09 20:37:28,422 [Worker-26: Building] INFO  o.a.m.s.f.DefaultMavenResourcesFiltering - Copying 0 resource
2023-03-09 20:37:28,424 [Worker-26: Building] INFO  o.a.m.s.f.DefaultMavenResourcesFiltering - skip non existing resourceDirectory C:\Users\Prashant Saini\Downloads\springrest\springrest\src\test\resources
2023-03-09 20:51:02,116 [Worker-22: Launching springrest - SpringrestApplication] INFO  o.a.m.s.f.DefaultMavenResourcesFiltering - Copying 1 resource
2023-03-09 20:51:02,121 [Worker-22: Launching springrest - SpringrestApplication] INFO  o.a.m.s.f.DefaultMavenResourcesFiltering - Copying 0 resource
2023-03-09 20:51:02,125 [Worker-22: Launching springrest - SpringrestApplication] INFO  o.a.m.s.f.DefaultMavenResourcesFiltering - skip non existing resourceDirectory C:\Users\Prashant Saini\Downloads\springrest\springrest\src\test\resources
2023-03-09 20:53:08,500 [Worker-38: Launching springrest - SpringrestApplication] INFO  o.a.m.s.f.DefaultMavenResourcesFiltering - Copying 1 resource
2023-03-09 20:53:08,507 [Worker-38: Launching springrest - SpringrestApplication] INFO  o.a.m.s.f.DefaultMavenResourcesFiltering - Copying 0 resource
2023-03-09 20:53:08,509 [Worker-38: Launching springrest - SpringrestApplication] INFO  o.a.m.s.f.DefaultMavenResourcesFiltering - skip non existing resourceDirectory C:\Users\Prashant Saini\Downloads\springrest\springrest\src\test\resources
2023-03-09 20:54:57,077 [Worker-36: Building] INFO  o.a.m.s.f.DefaultMavenResourcesFiltering - Copying 1 resource
2023-03-09 20:54:57,080 [Worker-36: Building] INFO  o.a.m.s.f.DefaultMavenResourcesFiltering - Copying 0 resource
2023-03-09 20:54:57,082 [Worker-36: Building] INFO  o.a.m.s.f.DefaultMavenResourcesFiltering - skip non existing resourceDirectory C:\Users\Prashant Saini\Downloads\springrest\springrest\src\test\resources
2023-03-09 21:02:31,541 [Worker-43: Launching springrest - SpringrestApplication] INFO  o.a.m.s.f.DefaultMavenResourcesFiltering - Copying 1 resource
2023-03-09 21:02:31,546 [Worker-43: Launching springrest - SpringrestApplication] INFO  o.a.m.s.f.DefaultMavenResourcesFiltering - Copying 0 resource
2023-03-09 21:02:31,551 [Worker-43: Launching springrest - SpringrestApplication] INFO  o.a.m.s.f.DefaultMavenResourcesFiltering - skip non existing resourceDirectory C:\Users\Prashant Saini\Downloads\springrest\springrest\src\test\resources
2023-03-09 21:06:05,680 [Worker-51: Launching springrest - SpringrestApplication] INFO  o.a.m.s.f.DefaultMavenResourcesFiltering - Copying 1 resource
2023-03-09 21:06:05,685 [Worker-51: Launching springrest - SpringrestApplication] INFO  o.a.m.s.f.DefaultMavenResourcesFiltering - Copying 0 resource
2023-03-09 21:06:05,687 [Worker-51: Launching springrest - SpringrestApplication] INFO  o.a.m.s.f.DefaultMavenResourcesFiltering - skip non existing resourceDirectory C:\Users\Prashant Saini\Downloads\springrest\springrest\src\test\resources
2023-03-09 21:09:10,984 [Worker-60: Launching springrest - SpringrestApplication] INFO  o.a.m.s.f.DefaultMavenResourcesFiltering - Copying 1 resource
2023-03-09 21:09:10,989 [Worker-60: Launching springrest - SpringrestApplication] INFO  o.a.m.s.f.DefaultMavenResourcesFiltering - Copying 0 resource
2023-03-09 21:09:10,991 [Worker-60: Launching springrest - SpringrestApplication] INFO  o.a.m.s.f.DefaultMavenResourcesFiltering - skip non existing resourceDirectory C:\Users\Prashant Saini\Downloads\springrest\springrest\src\test\resources
2023-03-09 21:36:10,342 [Worker-4: Loading available Gradle versions] INFO  o.e.b.c.i.u.g.PublishedGradleVersions - Gradle version information cache is up-to-date. Trying to read.
2023-03-09 21:36:43,052 [Worker-4: Importing Maven projects] INFO  o.e.m.c.i.l.LifecycleMappingFactory - Using org.eclipse.m2e.jdt.JarLifecycleMapping lifecycle mapping for MavenProject: com.company:Unitech-Project:0.0.1-SNAPSHOT @ C:\Users\Prashant Saini\Downloads\Unitech-Project\Unitech-Project\pom.xml.
2023-03-09 21:36:44,041 [Worker-4: Importing Maven projects] INFO  o.e.m.j.i.AbstractJavaProjectConfigurator - Adding source folder /Unitech-Project/src/main/java
2023-03-09 21:36:44,042 [Worker-4: Importing Maven projects] INFO  o.e.m.j.i.AbstractJavaProjectConfigurator - Adding resource folder /Unitech-Project/src/main/resources
2023-03-09 21:36:44,048 [Worker-4: Importing Maven projects] INFO  o.e.m.j.i.AbstractJavaProjectConfigurator - Adding resource folder /Unitech-Project/src/main/resources
2023-03-09 21:36:44,054 [Worker-4: Importing Maven projects] INFO  o.e.m.j.i.AbstractJavaProjectConfigurator - Adding source folder /Unitech-Project/src/test/java
2023-03-09 21:36:44,274 [Worker-4: Importing Maven projects] INFO  o.e.m.c.i.p.ProjectConfigurationManager - Imported and configured 1 project(s) in 2 sec
